0 info it worked if it ends with ok
1 verbose cli [ 'node',
1 verbose cli   '/usr/local/bin/npm',
1 verbose cli   'update',
1 verbose cli   '-g',
1 verbose cli   'generator-refactoru-html' ]
2 info using npm@1.3.11
3 info using node@v0.10.21
4 verbose cache add [ 'generator-refactoru-html', '*' ]
5 verbose cache add name="generator-refactoru-html" spec="*" args=["generator-refactoru-html","*"]
6 verbose parsed url { protocol: null,
6 verbose parsed url   slashes: null,
6 verbose parsed url   auth: null,
6 verbose parsed url   host: null,
6 verbose parsed url   port: null,
6 verbose parsed url   hostname: null,
6 verbose parsed url   hash: null,
6 verbose parsed url   search: null,
6 verbose parsed url   query: null,
6 verbose parsed url   pathname: '*',
6 verbose parsed url   path: '*',
6 verbose parsed url   href: '*' }
7 verbose addNamed [ 'generator-refactoru-html', '*' ]
8 verbose addNamed [ null, '*' ]
9 silly lockFile dbbc1580-generator-refactoru-html generator-refactoru-html@*
10 verbose lock generator-refactoru-html@* /Users/student/.npm/dbbc1580-generator-refactoru-html.lock
11 silly addNameRange { name: 'generator-refactoru-html', range: '*', hasData: false }
12 verbose url raw generator-refactoru-html
13 verbose url resolving [ 'https://registry.npmjs.org/', './generator-refactoru-html' ]
14 verbose url resolved https://registry.npmjs.org/generator-refactoru-html
15 info trying registry request attempt 1 at 14:01:51
16 verbose etag "6LI1DNR9M3N35BEQWD4FL94RT"
17 http GET https://registry.npmjs.org/generator-refactoru-html
18 http 200 https://registry.npmjs.org/generator-refactoru-html
19 silly registry.get cb [ 200,
19 silly registry.get   { date: 'Mon, 14 Apr 2014 20:01:52 GMT',
19 silly registry.get     server: 'CouchDB/1.5.0 (Erlang OTP/R14B04)',
19 silly registry.get     etag: '"947I25HLKY9UGMTA2NVZ3J25X"',
19 silly registry.get     'content-type': 'application/json',
19 silly registry.get     via: '1.1 varnish',
19 silly registry.get     'cache-control': 'max-age=1',
19 silly registry.get     'content-length': '9664',
19 silly registry.get     'accept-ranges': 'bytes',
19 silly registry.get     age: '5',
19 silly registry.get     'x-served-by': 'cache-v44-ASH, cache-d97-DAL',
19 silly registry.get     'x-cache': 'HIT, MISS',
19 silly registry.get     'x-cache-hits': '1, 0',
19 silly registry.get     'x-timer': 'S1397505707.537872791,VS0,VS15,VE106,VE4929',
19 silly registry.get     vary: 'Accept',
19 silly registry.get     'keep-alive': 'timeout=10, max=50',
19 silly registry.get     connection: 'Keep-Alive' } ]
20 silly addNameRange number 2 { name: 'generator-refactoru-html', range: '*', hasData: true }
21 silly addNameRange versions [ 'generator-refactoru-html',
21 silly addNameRange   [ '0.0.0', '0.0.1', '0.0.2', '0.1.0', '0.1.1', '0.2.0' ] ]
22 verbose addNamed [ 'generator-refactoru-html', '0.2.0' ]
23 verbose addNamed [ '0.2.0', '0.2.0' ]
24 silly lockFile a3f843dc-generator-refactoru-html-0-2-0 generator-refactoru-html@0.2.0
25 verbose lock generator-refactoru-html@0.2.0 /Users/student/.npm/a3f843dc-generator-refactoru-html-0-2-0.lock
26 silly lockFile e8385673-nerator-refactoru-html-0-2-0-tgz https://registry.npmjs.org/generator-refactoru-html/-/generator-refactoru-html-0.2.0.tgz
27 verbose lock https://registry.npmjs.org/generator-refactoru-html/-/generator-refactoru-html-0.2.0.tgz /Users/student/.npm/e8385673-nerator-refactoru-html-0-2-0-tgz.lock
28 verbose addRemoteTarball [ 'https://registry.npmjs.org/generator-refactoru-html/-/generator-refactoru-html-0.2.0.tgz',
28 verbose addRemoteTarball   'dff11975e61048ac5c96fd2695d27839da8d7c94' ]
29 info retry fetch attempt 1 at 14:01:53
30 verbose fetch to= /var/folders/q1/1t501pjx4hn9sbnvhmb8bvg80000gt/T/npm-23257-FypYgDcc/1397505713329-0.21148788719438016/tmp.tgz
31 http GET https://registry.npmjs.org/generator-refactoru-html/-/generator-refactoru-html-0.2.0.tgz
32 http 200 https://registry.npmjs.org/generator-refactoru-html/-/generator-refactoru-html-0.2.0.tgz
33 verbose tar unpack /var/folders/q1/1t501pjx4hn9sbnvhmb8bvg80000gt/T/npm-23257-FypYgDcc/1397505713329-0.21148788719438016/tmp.tgz
34 silly lockFile 278db5aa-3329-0-21148788719438016-package tar:///var/folders/q1/1t501pjx4hn9sbnvhmb8bvg80000gt/T/npm-23257-FypYgDcc/1397505713329-0.21148788719438016/package
35 verbose lock tar:///var/folders/q1/1t501pjx4hn9sbnvhmb8bvg80000gt/T/npm-23257-FypYgDcc/1397505713329-0.21148788719438016/package /Users/student/.npm/278db5aa-3329-0-21148788719438016-package.lock
36 silly lockFile 5e94ca9a-3329-0-21148788719438016-tmp-tgz tar:///var/folders/q1/1t501pjx4hn9sbnvhmb8bvg80000gt/T/npm-23257-FypYgDcc/1397505713329-0.21148788719438016/tmp.tgz
37 verbose lock tar:///var/folders/q1/1t501pjx4hn9sbnvhmb8bvg80000gt/T/npm-23257-FypYgDcc/1397505713329-0.21148788719438016/tmp.tgz /Users/student/.npm/5e94ca9a-3329-0-21148788719438016-tmp-tgz.lock
38 silly gunzTarPerm modes [ '755', '644' ]
39 silly gunzTarPerm extractEntry package.json
40 silly gunzTarPerm extractEntry README.md
41 silly gunzTarPerm extractEntry app/index.js
42 silly gunzTarPerm extractEntry app/templates/main-jquery.js
43 silly gunzTarPerm extractEntry app/templates/index.html
44 silly gunzTarPerm extractEntry app/templates/test/spec.js
45 silly gunzTarPerm extractEntry app/templates/test/jasmine/jasmine-html.js
46 silly gunzTarPerm extractEntry app/templates/test/jasmine/jasmine.js
47 silly gunzTarPerm extractEntry app/templates/test/jasmine/MIT.LICENSE
48 silly gunzTarPerm extractEntry app/templates/test/jasmine/jasmine.css
49 silly gunzTarPerm extractEntry app/templates/test/runner.html
50 silly lockFile 278db5aa-3329-0-21148788719438016-package tar:///var/folders/q1/1t501pjx4hn9sbnvhmb8bvg80000gt/T/npm-23257-FypYgDcc/1397505713329-0.21148788719438016/package
51 silly lockFile 278db5aa-3329-0-21148788719438016-package tar:///var/folders/q1/1t501pjx4hn9sbnvhmb8bvg80000gt/T/npm-23257-FypYgDcc/1397505713329-0.21148788719438016/package
52 silly lockFile 5e94ca9a-3329-0-21148788719438016-tmp-tgz tar:///var/folders/q1/1t501pjx4hn9sbnvhmb8bvg80000gt/T/npm-23257-FypYgDcc/1397505713329-0.21148788719438016/tmp.tgz
53 silly lockFile 5e94ca9a-3329-0-21148788719438016-tmp-tgz tar:///var/folders/q1/1t501pjx4hn9sbnvhmb8bvg80000gt/T/npm-23257-FypYgDcc/1397505713329-0.21148788719438016/tmp.tgz
54 verbose tar pack [ '/Users/student/.npm/generator-refactoru-html/0.2.0/package.tgz',
54 verbose tar pack   '/var/folders/q1/1t501pjx4hn9sbnvhmb8bvg80000gt/T/npm-23257-FypYgDcc/1397505713329-0.21148788719438016/package' ]
55 verbose tarball /Users/student/.npm/generator-refactoru-html/0.2.0/package.tgz
56 verbose folder /var/folders/q1/1t501pjx4hn9sbnvhmb8bvg80000gt/T/npm-23257-FypYgDcc/1397505713329-0.21148788719438016/package
57 silly lockFile 278db5aa-3329-0-21148788719438016-package tar:///var/folders/q1/1t501pjx4hn9sbnvhmb8bvg80000gt/T/npm-23257-FypYgDcc/1397505713329-0.21148788719438016/package
58 verbose lock tar:///var/folders/q1/1t501pjx4hn9sbnvhmb8bvg80000gt/T/npm-23257-FypYgDcc/1397505713329-0.21148788719438016/package /Users/student/.npm/278db5aa-3329-0-21148788719438016-package.lock
59 silly lockFile b346f157-refactoru-html-0-2-0-package-tgz tar:///Users/student/.npm/generator-refactoru-html/0.2.0/package.tgz
60 verbose lock tar:///Users/student/.npm/generator-refactoru-html/0.2.0/package.tgz /Users/student/.npm/b346f157-refactoru-html-0-2-0-package-tgz.lock
61 silly lockFile 278db5aa-3329-0-21148788719438016-package tar:///var/folders/q1/1t501pjx4hn9sbnvhmb8bvg80000gt/T/npm-23257-FypYgDcc/1397505713329-0.21148788719438016/package
62 silly lockFile 278db5aa-3329-0-21148788719438016-package tar:///var/folders/q1/1t501pjx4hn9sbnvhmb8bvg80000gt/T/npm-23257-FypYgDcc/1397505713329-0.21148788719438016/package
63 silly lockFile b346f157-refactoru-html-0-2-0-package-tgz tar:///Users/student/.npm/generator-refactoru-html/0.2.0/package.tgz
64 silly lockFile b346f157-refactoru-html-0-2-0-package-tgz tar:///Users/student/.npm/generator-refactoru-html/0.2.0/package.tgz
65 silly lockFile b5ed90d4-tor-refactoru-html-0-2-0-package /Users/student/.npm/generator-refactoru-html/0.2.0/package
66 verbose lock /Users/student/.npm/generator-refactoru-html/0.2.0/package /Users/student/.npm/b5ed90d4-tor-refactoru-html-0-2-0-package.lock
67 silly lockFile b5ed90d4-tor-refactoru-html-0-2-0-package /Users/student/.npm/generator-refactoru-html/0.2.0/package
68 silly lockFile b5ed90d4-tor-refactoru-html-0-2-0-package /Users/student/.npm/generator-refactoru-html/0.2.0/package
69 verbose tar unpack /Users/student/.npm/generator-refactoru-html/0.2.0/package.tgz
70 silly lockFile 72c7a259-tor-refactoru-html-0-2-0-package tar:///Users/student/.npm/generator-refactoru-html/0.2.0/package
71 verbose lock tar:///Users/student/.npm/generator-refactoru-html/0.2.0/package /Users/student/.npm/72c7a259-tor-refactoru-html-0-2-0-package.lock
72 silly lockFile b346f157-refactoru-html-0-2-0-package-tgz tar:///Users/student/.npm/generator-refactoru-html/0.2.0/package.tgz
73 verbose lock tar:///Users/student/.npm/generator-refactoru-html/0.2.0/package.tgz /Users/student/.npm/b346f157-refactoru-html-0-2-0-package-tgz.lock
74 silly gunzTarPerm modes [ '755', '644' ]
75 silly gunzTarPerm extractEntry package.json
76 silly gunzTarPerm extractEntry README.md
77 silly gunzTarPerm extractEntry app/index.js
78 silly gunzTarPerm extractEntry app/templates/main-jquery.js
79 silly gunzTarPerm extractEntry app/templates/index.html
80 silly gunzTarPerm extractEntry app/templates/test/spec.js
81 silly gunzTarPerm extractEntry app/templates/test/jasmine/jasmine-html.js
82 silly gunzTarPerm extractEntry app/templates/test/jasmine/jasmine.js
83 silly gunzTarPerm extractEntry app/templates/test/jasmine/MIT.LICENSE
84 silly gunzTarPerm extractEntry app/templates/test/jasmine/jasmine.css
85 silly gunzTarPerm extractEntry app/templates/test/runner.html
86 silly lockFile 72c7a259-tor-refactoru-html-0-2-0-package tar:///Users/student/.npm/generator-refactoru-html/0.2.0/package
87 silly lockFile 72c7a259-tor-refactoru-html-0-2-0-package tar:///Users/student/.npm/generator-refactoru-html/0.2.0/package
88 silly lockFile b346f157-refactoru-html-0-2-0-package-tgz tar:///Users/student/.npm/generator-refactoru-html/0.2.0/package.tgz
89 silly lockFile b346f157-refactoru-html-0-2-0-package-tgz tar:///Users/student/.npm/generator-refactoru-html/0.2.0/package.tgz
90 verbose chmod /Users/student/.npm/generator-refactoru-html/0.2.0/package.tgz 644
91 verbose chown /Users/student/.npm/generator-refactoru-html/0.2.0/package.tgz [ 506, 20 ]
92 silly lockFile e8385673-nerator-refactoru-html-0-2-0-tgz https://registry.npmjs.org/generator-refactoru-html/-/generator-refactoru-html-0.2.0.tgz
93 silly lockFile e8385673-nerator-refactoru-html-0-2-0-tgz https://registry.npmjs.org/generator-refactoru-html/-/generator-refactoru-html-0.2.0.tgz
94 silly lockFile a3f843dc-generator-refactoru-html-0-2-0 generator-refactoru-html@0.2.0
95 silly lockFile a3f843dc-generator-refactoru-html-0-2-0 generator-refactoru-html@0.2.0
96 silly lockFile dbbc1580-generator-refactoru-html generator-refactoru-html@*
97 silly lockFile dbbc1580-generator-refactoru-html generator-refactoru-html@*
98 info outdated updating [ [ '/usr/local/lib',
98 info outdated     'generator-refactoru-html',
98 info outdated     '0.1.1',
98 info outdated     '0.2.0',
98 info outdated     '*' ] ]
99 verbose install where,what [ '/usr/local/lib', [ 'generator-refactoru-html@0.2.0' ] ]
100 verbose cache add [ 'generator-refactoru-html@0.2.0', null ]
101 verbose cache add name=undefined spec="generator-refactoru-html@0.2.0" args=["generator-refactoru-html@0.2.0",null]
102 verbose parsed url { protocol: null,
102 verbose parsed url   slashes: null,
102 verbose parsed url   auth: null,
102 verbose parsed url   host: null,
102 verbose parsed url   port: null,
102 verbose parsed url   hostname: null,
102 verbose parsed url   hash: null,
102 verbose parsed url   search: null,
102 verbose parsed url   query: null,
102 verbose parsed url   pathname: 'generator-refactoru-html@0.2.0',
102 verbose parsed url   path: 'generator-refactoru-html@0.2.0',
102 verbose parsed url   href: 'generator-refactoru-html@0.2.0' }
103 verbose cache add name="generator-refactoru-html" spec="0.2.0" args=["generator-refactoru-html","0.2.0"]
104 verbose parsed url { protocol: null,
104 verbose parsed url   slashes: null,
104 verbose parsed url   auth: null,
104 verbose parsed url   host: null,
104 verbose parsed url   port: null,
104 verbose parsed url   hostname: null,
104 verbose parsed url   hash: null,
104 verbose parsed url   search: null,
104 verbose parsed url   query: null,
104 verbose parsed url   pathname: '0.2.0',
104 verbose parsed url   path: '0.2.0',
104 verbose parsed url   href: '0.2.0' }
105 verbose addNamed [ 'generator-refactoru-html', '0.2.0' ]
106 verbose addNamed [ '0.2.0', '0.2.0' ]
107 silly lockFile a3f843dc-generator-refactoru-html-0-2-0 generator-refactoru-html@0.2.0
108 verbose lock generator-refactoru-html@0.2.0 /Users/student/.npm/a3f843dc-generator-refactoru-html-0-2-0.lock
109 verbose url raw generator-refactoru-html/0.2.0
110 verbose url resolving [ 'https://registry.npmjs.org/',
110 verbose url resolving   './generator-refactoru-html/0.2.0' ]
111 verbose url resolved https://registry.npmjs.org/generator-refactoru-html/0.2.0
112 info trying registry request attempt 1 at 14:01:53
113 http GET https://registry.npmjs.org/generator-refactoru-html/0.2.0
114 http 200 https://registry.npmjs.org/generator-refactoru-html/0.2.0
115 silly registry.get cb [ 200,
115 silly registry.get   { date: 'Mon, 14 Apr 2014 20:01:54 GMT',
115 silly registry.get     server: 'CouchDB/1.5.0 (Erlang OTP/R14B04)',
115 silly registry.get     etag: '"947I25HLKY9UGMTA2NVZ3J25X"',
115 silly registry.get     'content-type': 'application/json',
115 silly registry.get     via: '1.1 varnish',
115 silly registry.get     'cache-control': 'max-age=1',
115 silly registry.get     'content-length': '1115',
115 silly registry.get     'accept-ranges': 'bytes',
115 silly registry.get     age: '0',
115 silly registry.get     'x-served-by': 'cache-v44-ASH, cache-d64-DAL',
115 silly registry.get     'x-cache': 'MISS, MISS',
115 silly registry.get     'x-cache-hits': '0, 0',
115 silly registry.get     'x-timer': 'S1397505713.903391838,VS0,VS15,VE112,VE130',
115 silly registry.get     vary: 'Accept',
115 silly registry.get     'keep-alive': 'timeout=10, max=50',
115 silly registry.get     connection: 'Keep-Alive' } ]
116 silly lockFile e8385673-nerator-refactoru-html-0-2-0-tgz https://registry.npmjs.org/generator-refactoru-html/-/generator-refactoru-html-0.2.0.tgz
117 verbose lock https://registry.npmjs.org/generator-refactoru-html/-/generator-refactoru-html-0.2.0.tgz /Users/student/.npm/e8385673-nerator-refactoru-html-0-2-0-tgz.lock
118 verbose addRemoteTarball [ 'https://registry.npmjs.org/generator-refactoru-html/-/generator-refactoru-html-0.2.0.tgz',
118 verbose addRemoteTarball   'dff11975e61048ac5c96fd2695d27839da8d7c94' ]
119 info retry fetch attempt 1 at 14:01:53
120 verbose fetch to= /var/folders/q1/1t501pjx4hn9sbnvhmb8bvg80000gt/T/npm-23257-FypYgDcc/1397505713998-0.2914835321716964/tmp.tgz
121 http GET https://registry.npmjs.org/generator-refactoru-html/-/generator-refactoru-html-0.2.0.tgz
122 http 200 https://registry.npmjs.org/generator-refactoru-html/-/generator-refactoru-html-0.2.0.tgz
123 verbose tar unpack /var/folders/q1/1t501pjx4hn9sbnvhmb8bvg80000gt/T/npm-23257-FypYgDcc/1397505713998-0.2914835321716964/tmp.tgz
124 silly lockFile 8fa22f14-13998-0-2914835321716964-package tar:///var/folders/q1/1t501pjx4hn9sbnvhmb8bvg80000gt/T/npm-23257-FypYgDcc/1397505713998-0.2914835321716964/package
125 verbose lock tar:///var/folders/q1/1t501pjx4hn9sbnvhmb8bvg80000gt/T/npm-23257-FypYgDcc/1397505713998-0.2914835321716964/package /Users/student/.npm/8fa22f14-13998-0-2914835321716964-package.lock
126 silly lockFile 29bbf0b9-13998-0-2914835321716964-tmp-tgz tar:///var/folders/q1/1t501pjx4hn9sbnvhmb8bvg80000gt/T/npm-23257-FypYgDcc/1397505713998-0.2914835321716964/tmp.tgz
127 verbose lock tar:///var/folders/q1/1t501pjx4hn9sbnvhmb8bvg80000gt/T/npm-23257-FypYgDcc/1397505713998-0.2914835321716964/tmp.tgz /Users/student/.npm/29bbf0b9-13998-0-2914835321716964-tmp-tgz.lock
128 silly gunzTarPerm modes [ '755', '644' ]
129 silly gunzTarPerm extractEntry package.json
130 silly gunzTarPerm extractEntry README.md
131 silly gunzTarPerm extractEntry app/index.js
132 silly gunzTarPerm extractEntry app/templates/main-jquery.js
133 silly gunzTarPerm extractEntry app/templates/index.html
134 silly gunzTarPerm extractEntry app/templates/test/spec.js
135 silly gunzTarPerm extractEntry app/templates/test/jasmine/jasmine-html.js
136 silly gunzTarPerm extractEntry app/templates/test/jasmine/jasmine.js
137 silly gunzTarPerm extractEntry app/templates/test/jasmine/MIT.LICENSE
138 silly gunzTarPerm extractEntry app/templates/test/jasmine/jasmine.css
139 silly gunzTarPerm extractEntry app/templates/test/runner.html
140 silly lockFile 8fa22f14-13998-0-2914835321716964-package tar:///var/folders/q1/1t501pjx4hn9sbnvhmb8bvg80000gt/T/npm-23257-FypYgDcc/1397505713998-0.2914835321716964/package
141 silly lockFile 8fa22f14-13998-0-2914835321716964-package tar:///var/folders/q1/1t501pjx4hn9sbnvhmb8bvg80000gt/T/npm-23257-FypYgDcc/1397505713998-0.2914835321716964/package
142 silly lockFile 29bbf0b9-13998-0-2914835321716964-tmp-tgz tar:///var/folders/q1/1t501pjx4hn9sbnvhmb8bvg80000gt/T/npm-23257-FypYgDcc/1397505713998-0.2914835321716964/tmp.tgz
143 silly lockFile 29bbf0b9-13998-0-2914835321716964-tmp-tgz tar:///var/folders/q1/1t501pjx4hn9sbnvhmb8bvg80000gt/T/npm-23257-FypYgDcc/1397505713998-0.2914835321716964/tmp.tgz
144 verbose tar pack [ '/Users/student/.npm/generator-refactoru-html/0.2.0/package.tgz',
144 verbose tar pack   '/var/folders/q1/1t501pjx4hn9sbnvhmb8bvg80000gt/T/npm-23257-FypYgDcc/1397505713998-0.2914835321716964/package' ]
145 verbose tarball /Users/student/.npm/generator-refactoru-html/0.2.0/package.tgz
146 verbose folder /var/folders/q1/1t501pjx4hn9sbnvhmb8bvg80000gt/T/npm-23257-FypYgDcc/1397505713998-0.2914835321716964/package
147 silly lockFile 8fa22f14-13998-0-2914835321716964-package tar:///var/folders/q1/1t501pjx4hn9sbnvhmb8bvg80000gt/T/npm-23257-FypYgDcc/1397505713998-0.2914835321716964/package
148 verbose lock tar:///var/folders/q1/1t501pjx4hn9sbnvhmb8bvg80000gt/T/npm-23257-FypYgDcc/1397505713998-0.2914835321716964/package /Users/student/.npm/8fa22f14-13998-0-2914835321716964-package.lock
149 silly lockFile b346f157-refactoru-html-0-2-0-package-tgz tar:///Users/student/.npm/generator-refactoru-html/0.2.0/package.tgz
150 verbose lock tar:///Users/student/.npm/generator-refactoru-html/0.2.0/package.tgz /Users/student/.npm/b346f157-refactoru-html-0-2-0-package-tgz.lock
151 silly lockFile 8fa22f14-13998-0-2914835321716964-package tar:///var/folders/q1/1t501pjx4hn9sbnvhmb8bvg80000gt/T/npm-23257-FypYgDcc/1397505713998-0.2914835321716964/package
152 silly lockFile 8fa22f14-13998-0-2914835321716964-package tar:///var/folders/q1/1t501pjx4hn9sbnvhmb8bvg80000gt/T/npm-23257-FypYgDcc/1397505713998-0.2914835321716964/package
153 silly lockFile b346f157-refactoru-html-0-2-0-package-tgz tar:///Users/student/.npm/generator-refactoru-html/0.2.0/package.tgz
154 silly lockFile b346f157-refactoru-html-0-2-0-package-tgz tar:///Users/student/.npm/generator-refactoru-html/0.2.0/package.tgz
155 silly lockFile b5ed90d4-tor-refactoru-html-0-2-0-package /Users/student/.npm/generator-refactoru-html/0.2.0/package
156 verbose lock /Users/student/.npm/generator-refactoru-html/0.2.0/package /Users/student/.npm/b5ed90d4-tor-refactoru-html-0-2-0-package.lock
157 silly lockFile b5ed90d4-tor-refactoru-html-0-2-0-package /Users/student/.npm/generator-refactoru-html/0.2.0/package
158 silly lockFile b5ed90d4-tor-refactoru-html-0-2-0-package /Users/student/.npm/generator-refactoru-html/0.2.0/package
159 verbose tar unpack /Users/student/.npm/generator-refactoru-html/0.2.0/package.tgz
160 silly lockFile 72c7a259-tor-refactoru-html-0-2-0-package tar:///Users/student/.npm/generator-refactoru-html/0.2.0/package
161 verbose lock tar:///Users/student/.npm/generator-refactoru-html/0.2.0/package /Users/student/.npm/72c7a259-tor-refactoru-html-0-2-0-package.lock
162 silly lockFile b346f157-refactoru-html-0-2-0-package-tgz tar:///Users/student/.npm/generator-refactoru-html/0.2.0/package.tgz
163 verbose lock tar:///Users/student/.npm/generator-refactoru-html/0.2.0/package.tgz /Users/student/.npm/b346f157-refactoru-html-0-2-0-package-tgz.lock
164 silly gunzTarPerm modes [ '755', '644' ]
165 silly gunzTarPerm extractEntry package.json
166 silly gunzTarPerm extractEntry README.md
167 silly gunzTarPerm extractEntry app/index.js
168 silly gunzTarPerm extractEntry app/templates/main-jquery.js
169 silly gunzTarPerm extractEntry app/templates/index.html
170 silly gunzTarPerm extractEntry app/templates/test/spec.js
171 silly gunzTarPerm extractEntry app/templates/test/jasmine/jasmine-html.js
172 silly gunzTarPerm extractEntry app/templates/test/jasmine/jasmine.js
173 silly gunzTarPerm extractEntry app/templates/test/jasmine/MIT.LICENSE
174 silly gunzTarPerm extractEntry app/templates/test/jasmine/jasmine.css
175 silly gunzTarPerm extractEntry app/templates/test/runner.html
176 silly lockFile 72c7a259-tor-refactoru-html-0-2-0-package tar:///Users/student/.npm/generator-refactoru-html/0.2.0/package
177 silly lockFile 72c7a259-tor-refactoru-html-0-2-0-package tar:///Users/student/.npm/generator-refactoru-html/0.2.0/package
178 silly lockFile b346f157-refactoru-html-0-2-0-package-tgz tar:///Users/student/.npm/generator-refactoru-html/0.2.0/package.tgz
179 silly lockFile b346f157-refactoru-html-0-2-0-package-tgz tar:///Users/student/.npm/generator-refactoru-html/0.2.0/package.tgz
180 verbose chmod /Users/student/.npm/generator-refactoru-html/0.2.0/package.tgz 644
181 verbose chown /Users/student/.npm/generator-refactoru-html/0.2.0/package.tgz [ 506, 20 ]
182 silly lockFile e8385673-nerator-refactoru-html-0-2-0-tgz https://registry.npmjs.org/generator-refactoru-html/-/generator-refactoru-html-0.2.0.tgz
183 silly lockFile e8385673-nerator-refactoru-html-0-2-0-tgz https://registry.npmjs.org/generator-refactoru-html/-/generator-refactoru-html-0.2.0.tgz
184 silly lockFile a3f843dc-generator-refactoru-html-0-2-0 generator-refactoru-html@0.2.0
185 silly lockFile a3f843dc-generator-refactoru-html-0-2-0 generator-refactoru-html@0.2.0
186 silly resolved [ { name: 'generator-refactoru-html',
186 silly resolved     version: '0.2.0',
186 silly resolved     description: 'Yeoman generator for a simple HTML5 boilerplate.',
186 silly resolved     license: 'ISC',
186 silly resolved     main: 'app/index.js',
186 silly resolved     repository:
186 silly resolved      { type: 'git',
186 silly resolved        url: 'git://github.com/metaraine/generator-refactoru-html' },
186 silly resolved     author:
186 silly resolved      { name: 'Raine Lourie',
186 silly resolved        email: 'raine@refactoru.com',
186 silly resolved        url: 'https://github.com/metaraine' },
186 silly resolved     engines: { node: '>=0.10.0' },
186 silly resolved     scripts: { test: 'mocha' },
186 silly resolved     files: [ 'app' ],
186 silly resolved     keywords: [ 'yeoman-generator', 'refactoru' ],
186 silly resolved     dependencies: { 'yeoman-generator': '~0.16.0', chalk: '~0.4.0' },
186 silly resolved     devDependencies: { mocha: '*' },
186 silly resolved     peerDependencies: { yo: '>=1.0.0' },
186 silly resolved     readme: '# generator-refactoru-html [![Build Status](https://secure.travis-ci.org/metaraine/generator-refactoru-html.png?branch=master)](https://travis-ci.org/metaraine/generator-refactoru-html)\n\n> [Yeoman](http://yeoman.io) generator\n\n\n## Getting Started\n\n### What is Yeoman?\n\nTrick question. It\'s not a thing. It\'s this guy:\n\n![](http://i.imgur.com/JHaAlBJ.png)\n\nBasically, he wears a top hat, lives in your computer, and waits for you to tell him what kind of application you wish to create.\n\nNot every new computer comes with a Yeoman pre-installed. He lives in the [npm](https://npmjs.org) package repository. You only have to ask for him once, then he packs up and moves into your hard drive. *Make sure you clean up, he likes new and shiny things.*\n\n```\n$ npm install -g yo\n```\n\n### Yeoman Generators\n\nYeoman travels light. He didn\'t pack any generators when he moved in. You can think of a generator like a plug-in. You get to choose what type of application you wish to create, such as a Backbone application or even a Chrome extension.\n\nTo install generator-refactoru-html from npm, run:\n\n```\n$ npm install -g generator-refactoru-html\n```\n\nFinally, initiate the generator:\n\n```\n$ yo refactoru-html\n```\n\n### Getting To Know Yeoman\n\nYeoman has a heart of gold. He\'s a person with feelings and opinions, but he\'s very easy to work with. If you think he\'s too opinionated, he can be easily convinced.\n\nIf you\'d like to get to know Yeoman better and meet some of his friends, [Grunt](http://gruntjs.com) and [Bower](http://bower.io), check out the complete [Getting Started Guide](https://github.com/yeoman/yeoman/wiki/Getting-Started).\n\n\n## License\n\nMIT\n',
186 silly resolved     readmeFilename: 'README.md',
186 silly resolved     bugs: { url: 'https://github.com/metaraine/generator-refactoru-html/issues' },
186 silly resolved     _id: 'generator-refactoru-html@0.2.0',
186 silly resolved     dist: { shasum: '2f51133202fb97a6f624e78d15bb60b5ab784710' },
186 silly resolved     _from: 'generator-refactoru-html@0.2.0',
186 silly resolved     _resolved: 'https://registry.npmjs.org/generator-refactoru-html/-/generator-refactoru-html-0.2.0.tgz' } ]
187 info install generator-refactoru-html@0.2.0 into /usr/local/lib
188 info installOne generator-refactoru-html@0.2.0
189 info /usr/local/lib/node_modules/generator-refactoru-html unbuild
190 info preuninstall generator-refactoru-html@0.1.1
191 info uninstall generator-refactoru-html@0.1.1
192 verbose true,/usr/local/lib/node_modules,/usr/local/lib/node_modules unbuild generator-refactoru-html@0.1.1
193 info postuninstall generator-refactoru-html@0.1.1
194 info /usr/local/lib/node_modules/generator-refactoru-html unbuild
195 info preuninstall generator-refactoru-html@0.1.1
196 info uninstall generator-refactoru-html@0.1.1
197 verbose true,/usr/local/lib/node_modules,/usr/local/lib/node_modules unbuild generator-refactoru-html@0.1.1
198 info postuninstall generator-refactoru-html@0.1.1
199 error error rolling back Error: EACCES, unlink '/usr/local/lib/node_modules/generator-refactoru-html'
199 error error rolling back  generator-refactoru-html@0.2.0 { [Error: EACCES, unlink '/usr/local/lib/node_modules/generator-refactoru-html']
199 error error rolling back   errno: 3,
199 error error rolling back   code: 'EACCES',
199 error error rolling back   path: '/usr/local/lib/node_modules/generator-refactoru-html' }
200 error Error: EACCES, unlink '/usr/local/lib/node_modules/generator-refactoru-html'
200 error  { [Error: EACCES, unlink '/usr/local/lib/node_modules/generator-refactoru-html']
200 error   errno: 3,
200 error   code: 'EACCES',
200 error   path: '/usr/local/lib/node_modules/generator-refactoru-html' }
201 error Please try running this command again as root/Administrator.
202 error System Darwin 13.1.0
203 error command "node" "/usr/local/bin/npm" "update" "-g" "generator-refactoru-html"
204 error cwd /Users/student/projects/week3/function-practice-1
205 error node -v v0.10.21
206 error npm -v 1.3.11
207 error path /usr/local/lib/node_modules/generator-refactoru-html
208 error code EACCES
209 error errno 3
210 error stack Error: EACCES, unlink '/usr/local/lib/node_modules/generator-refactoru-html'
211 verbose exit [ 3, true ]
